<?xml version="1.0" encoding="UTF-8"?>
<testsuites>
  <testsuite name="fastlane.lanes">
    
    
    
      
      <testcase classname="fastlane.lanes" name="0: default_platform" time="0.00056">
        
      </testcase>
    
      
      <testcase classname="fastlane.lanes" name="1: flutter build apk --release" time="90.62">
        
          <failure message="/usr/local/Cellar/fastlane/2.210.1/libexec/gems/fastlane-2.210.1/fastlane/lib/fastlane/actions/actions_helper.rb:67:in `execute_action&apos;&#10;/usr/local/Cellar/fastlane/2.210.1/libexec/gems/fastlane-2.210.1/fastlane/lib/fastlane/fast_file.rb:222:in `sh&apos;&#10;/usr/local/Cellar/fastlane/2.210.1/libexec/gems/fastlane-2.210.1/fastlane/lib/fastlane/fast_file.rb:216:in `sh&apos;&#10;Fastfile:40:in `block (2 levels) in parsing_binding&apos;&#10;/usr/local/Cellar/fastlane/2.210.1/libexec/gems/fastlane-2.210.1/fastlane/lib/fastlane/lane.rb:33:in `call&apos;&#10;/usr/local/Cellar/fastlane/2.210.1/libexec/gems/fastlane-2.210.1/fastlane/lib/fastlane/runner.rb:49:in `block in execute&apos;&#10;/usr/local/Cellar/fastlane/2.210.1/libexec/gems/fastlane-2.210.1/fastlane/lib/fastlane/runner.rb:45:in `chdir&apos;&#10;/usr/local/Cellar/fastlane/2.210.1/libexec/gems/fastlane-2.210.1/fastlane/lib/fastlane/runner.rb:45:in `execute&apos;&#10;/usr/local/Cellar/fastlane/2.210.1/libexec/gems/fastlane-2.210.1/fastlane/lib/fastlane/lane_manager.rb:47:in `cruise_lane&apos;&#10;/usr/local/Cellar/fastlane/2.210.1/libexec/gems/fastlane-2.210.1/fastlane/lib/fastlane/command_line_handler.rb:36:in `handle&apos;&#10;/usr/local/Cellar/fastlane/2.210.1/libexec/gems/fastlane-2.210.1/fastlane/lib/fastlane/commands_generator.rb:110:in `block (2 levels) in run&apos;&#10;/usr/local/Cellar/fastlane/2.210.1/libexec/gems/commander-4.6.0/lib/commander/command.rb:187:in `call&apos;&#10;/usr/local/Cellar/fastlane/2.210.1/libexec/gems/commander-4.6.0/lib/commander/command.rb:157:in `run&apos;&#10;/usr/local/Cellar/fastlane/2.210.1/libexec/gems/commander-4.6.0/lib/commander/runner.rb:444:in `run_active_command&apos;&#10;/usr/local/Cellar/fastlane/2.210.1/libexec/gems/fastlane-2.210.1/fastlane_core/lib/fastlane_core/ui/fastlane_runner.rb:124:in `run!&apos;&#10;/usr/local/Cellar/fastlane/2.210.1/libexec/gems/commander-4.6.0/lib/commander/delegates.rb:18:in `run!&apos;&#10;/usr/local/Cellar/fastlane/2.210.1/libexec/gems/fastlane-2.210.1/fastlane/lib/fastlane/commands_generator.rb:354:in `run&apos;&#10;/usr/local/Cellar/fastlane/2.210.1/libexec/gems/fastlane-2.210.1/fastlane/lib/fastlane/commands_generator.rb:43:in `start&apos;&#10;/usr/local/Cellar/fastlane/2.210.1/libexec/gems/fastlane-2.210.1/fastlane/lib/fastlane/cli_tools_distributor.rb:123:in `take_off&apos;&#10;/usr/local/Cellar/fastlane/2.210.1/libexec/gems/fastlane-2.210.1/bin/fastlane:23:in `&lt;top (required)&gt;&apos;&#10;/usr/local/Cellar/fastlane/2.210.1/libexec/bin/fastlane:25:in `load&apos;&#10;/usr/local/Cellar/fastlane/2.210.1/libexec/bin/fastlane:25:in `&lt;main&gt;&apos;&#10;&#10;Exit status of command &apos;flutter build apk --release&apos; was 1 instead of 0.&#10;Changing current working directory to: /Users/tock/Documents/convergence/flutter_convergence_app&#10;&#10;Building without sound null safety ⚠️&#10;Dart 3 will only support sound null safety, see https://dart.dev/null-safety&#10;&#10;Running Gradle task &apos;assembleRelease&apos;...                        &#10;Warning: The plugin flutter_inappwebview requires Android SDK version 33.&#10;For more information about build configuration, see https://docs.flutter.dev/deployment/android#reviewing-the-gradle-build-configuration.&#10;Warning: The plugin path_provider_android requires Android SDK version 33.&#10;For more information about build configuration, see https://docs.flutter.dev/deployment/android#reviewing-the-gradle-build-configuration.&#10;Warning: The plugin url_launcher_android requires Android SDK version 33.&#10;For more information about build configuration, see https://docs.flutter.dev/deployment/android#reviewing-the-gradle-build-configuration.&#10;One or more plugins require a higher Android SDK version.&#10;Fix this issue by adding the following to /Users/tock/Documents/convergence/flutter_convergence_app/android/app/build.gradle:&#10;android {&#10;  compileSdkVersion 33&#10;  ...&#10;}&#10;&#10;Warning: Mapping new ns http://schemas.android.com/repository/android/common/02 to old ns http://schemas.android.com/repository/android/common/01&#10;Warning: Mapping new ns http://schemas.android.com/repository/android/generic/02 to old ns http://schemas.android.com/repository/android/generic/01&#10;Warning: Mapping new ns http://schemas.android.com/sdk/android/repo/addon2/02 to old ns http://schemas.android.com/sdk/android/repo/addon2/01&#10;Warning: Mapping new ns http://schemas.android.com/sdk/android/repo/addon2/03 to old ns http://schemas.android.com/sdk/android/repo/addon2/01&#10;Warning: Mapping new ns http://schemas.android.com/sdk/android/repo/repository2/02 to old ns http://schemas.android.com/sdk/android/repo/repository2/01&#10;Warning: Mapping new ns http://schemas.android.com/sdk/android/repo/repository2/03 to old ns http://schemas.android.com/sdk/android/repo/repository2/01&#10;Warning: Mapping new ns http://schemas.android.com/sdk/android/repo/sys-img2/03 to old ns http://schemas.android.com/sdk/android/repo/sys-img2/01&#10;Warning: Mapping new ns http://schemas.android.com/sdk/android/repo/sys-img2/02 to old ns http://schemas.android.com/sdk/android/repo/sys-img2/01&#10;&#10;FAILURE: Build failed with an exception.&#10;&#10;* What went wrong:&#10;Execution failed for task &apos;:app:mergeReleaseResources&apos;.&#10;&gt; A failure occurred while executing com.android.build.gradle.internal.tasks.Workers$ActionFacade&#10;   &gt; Android resource compilation failed&#10;     /Users/tock/Documents/convergence/flutter_convergence_app/android/app/src/main/res/mipmap-xxhdpi/launch_image.png: AAPT: error: failed to read PNG signature: file does not start with PNG signature.&#10;&#10;     /Users/tock/Documents/convergence/flutter_convergence_app/android/app/src/main/res/mipmap-xxhdpi/launch_image.png: AAPT: error: file failed to compile.&#10;&#10;&#10;* Try:&#10;Run with --stacktrace option to get the stack trace. Run with --info or --debug option to get more log output. Run with --scan to get full insights.&#10;&#10;* Get more help at https://help.gradle.org&#10;&#10;BUILD FAILED in 1m 26s&#10;Running Gradle task &apos;assembleRelease&apos;...                           87.8s&#10;Gradle task assembleRelease failed with exit code 1&#10;" />
        
      </testcase>
    
  </testsuite>
</testsuites>
